proguard/seeds.txt
com.mars.snickers.Activity_Camera
com.mars.snickers.Activity_Camera: Activity_Camera()
com.mars.snickers.Activity_Camera: void onCaptureClick(android.view.View)
com.mars.snickers.Activity_Camera: void onCancelClick(android.view.View)
com.mars.snickers.Activity_DisplayPicture
com.mars.snickers.Activity_DisplayPicture: Activity_DisplayPicture()
com.mars.snickers.Activity_DisplayPicture: void onDoneClick(android.view.View)
com.mars.snickers.Activity_DisplayPicture: void onCancelClick(android.view.View)
com.mars.snickers.Activity_DisplayPicture: void onRotateClick(android.view.View)
com.mars.snickers.Activity_Facebook
com.mars.snickers.Activity_Facebook: Activity_Facebook()
com.mars.snickers.Activity_Facebook$PendingAction: com.mars.snickers.Activity_Facebook$PendingAction[] values()
com.mars.snickers.Activity_Facebook$PendingAction: com.mars.snickers.Activity_Facebook$PendingAction valueOf(java.lang.String)
com.mars.snickers.Activity_ImageCrop
com.mars.snickers.Activity_ImageCrop: Activity_ImageCrop()
com.mars.snickers.Activity_Splash
com.mars.snickers.Activity_Splash: Activity_Splash()
com.mars.snickers.Activity_Super
com.mars.snickers.Activity_Super: Activity_Super()
com.mars.snickers.Activity_Super: void toggleMenu(android.view.View)
com.mars.snickers.Activity_Super_bakup
com.mars.snickers.Activity_Super_bakup: void toggleMenu(android.view.View)
com.mars.snickers.Activity_Twitter
com.mars.snickers.Activity_Twitter: Activity_Twitter()
com.mars.snickers.ApplicationController
com.mars.snickers.ApplicationController: ApplicationController()
com.mars.snickers.CustomZoomableImageView
com.mars.snickers.CustomZoomableImageView: CustomZoomableImageView(android.content.Context,android.util.AttributeSet)
com.mars.snickers.CustomZoomableImageView: CustomZoomableImageView(android.content.Context,android.util.AttributeSet,int)
com.mars.snickers.Fragment_CampaignGameOption
com.mars.snickers.Fragment_FinalScreen
com.mars.snickers.Fragment_FinalScreen_OLD
com.mars.snickers.Fragment_Form
com.mars.snickers.Fragment_GetPicture
com.mars.snickers.Fragment_PictureAvatarMaker
com.mars.snickers.Fragment_Promise
com.mars.snickers.Fragment_Register
com.mars.snickers.Fragment_RevealHungryDetail
com.mars.snickers.Fragment_SaveAvatar
com.mars.snickers.Fragment_SelectAvatar
com.mars.snickers.Fragment_SelectLocation
com.mars.snickers.Fragment_ThankYou
com.mars.snickers.Frament_InitialScreen
com.mars.snickers.R$anim
com.mars.snickers.R$anim: int abc_fade_in
com.mars.snickers.R$anim: int abc_fade_out
com.mars.snickers.R$anim: int abc_slide_in_bottom
com.mars.snickers.R$anim: int abc_slide_in_top
com.mars.snickers.R$anim: int abc_slide_out_bottom
com.mars.snickers.R$anim: int abc_slide_out_top
com.mars.snickers.R$anim: int alpha
com.mars.snickers.R$anim: int amitanim
com.mars.snickers.R$anim: int fade_in
com.mars.snickers.R$anim: int list_layout_anim
com.mars.snickers.R$anim: int list_view_anim
com.mars.snickers.R$anim: int push_down_in
com.mars.snickers.R$anim: int push_down_out
com.mars.snickers.R$anim: int slide_down
com.mars.snickers.R$anim: int slide_up
com.mars.snickers.R$anim: int tooltip_float_anim
com.mars.snickers.R$anim: int translate
...
android.support.v4.util.SparseArrayCompat
android.support.v4.util.SparseArrayCompat: java.lang.Object DELETED
android.support.v4.util.SparseArrayCompat: boolean mGarbage
android.support.v4.util.SparseArrayCompat: int[] mKeys
android.support.v4.util.SparseArrayCompat: java.lang.Object[] mValues
android.support.v4.util.SparseArrayCompat: int mSize
android.support.v4.util.SparseArrayCompat: SparseArrayCompat()
android.support.v4.util.SparseArrayCompat: SparseArrayCompat(int)
android.support.v4.util.SparseArrayCompat: android.support.v4.util.SparseArrayCompat clone()
android.support.v4.util.SparseArrayCompat: java.lang.Object get(int)
android.support.v4.util.SparseArrayCompat: java.lang.Object get(int,java.lang.Object)
android.support.v4.util.SparseArrayCompat: void delete(int)
android.support.v4.util.SparseArrayCompat: void remove(int)
android.support.v4.util.SparseArrayCompat: void removeAt(int)
android.support.v4.util.SparseArrayCompat: void removeAtRange(int,int)
android.support.v4.util.SparseArrayCompat: void gc()
android.support.v4.util.SparseArrayCompat: void put(int,java.lang.Object)
android.support.v4.util.SparseArrayCompat: int size()
android.support.v4.util.SparseArrayCompat: int keyAt(int)
android.support.v4.util.SparseArrayCompat: java.lang.Object valueAt(int)
android.support.v4.util.SparseArrayCompat: void setValueAt(int,java.lang.Object)
android.support.v4.util.SparseArrayCompat: int indexOfKey(int)
android.support.v4.util.TimeUtils
android.support.v4.util.TimeUtils: int HUNDRED_DAY_FIELD_LEN
android.support.v4.util.TimeUtils: int SECONDS_PER_MINUTE
android.support.v4.util.TimeUtils: int SECONDS_PER_HOUR
android.support.v4.util.TimeUtils: int SECONDS_PER_DAY
android.support.v4.util.TimeUtils: java.lang.Object sFormatSync
android.support.v4.util.TimeUtils: char[] sFormatStr
android.support.v4.util.TimeUtils: TimeUtils()
android.support.v4.util.TimeUtils: int accumField(int,int,boolean,int)
android.support.v4.util.TimeUtils: int printField(char[],int,char,int,boolean,int)
android.support.v4.util.TimeUtils: int formatDurationLocked(long,int)
android.support.v4.util.TimeUtils: void formatDuration(long,java.lang.StringBuilder)
android.support.v4.util.TimeUtils: void formatDuration(long,java.io.PrintWriter,int)
android.support.v4.util.TimeUtils: void formatDuration(long,java.io.PrintWriter)
android.support.v4.util.TimeUtils: void formatDuration(long,long,java.io.PrintWriter)
android.support.v4.util.TimeUtils: void <clinit>()
android.support.v4.view.AccessibilityDelegateCompat
android.support.v4.view.AccessibilityDelegateCompat: android.support.v4.view.AccessibilityDelegateCompat$AccessibilityDelegateImpl IMPL
android.support.v4.view.AccessibilityDelegateCompat: java.lang.Object DEFAULT_DELEGATE
android.support.v4.view.AccessibilityDelegateCompat: java.lang.Object mBridge
android.support.v4.view.AccessibilityDelegateCompat: AccessibilityDelegateCompat()
android.support.v4.view.AccessibilityDelegateCompat: java.lang.Object getBridge()
android.support.v4.view.AccessibilityDelegateCompat: void sendAccessibilityEvent(android.view.View,int)
android.support.v4.view.AccessibilityDelegateCompat: void sendAccessibilityEventUnchecked(android.view.View,android.view.accessibility.AccessibilityEvent)
android.support.v4.view.AccessibilityDelegateCompat: boolean dispatchPopulateAccessibilityEvent(android.view.View,android.view.accessibility.AccessibilityEvent)
android.support.v4.view.AccessibilityDelegateCompat: void onPopulateAccessibilityEvent(android.view.View,android.view.accessibility.AccessibilityEvent)
android.support.v4.view.AccessibilityDelegateCompat: void onInitializeAccessibilityEvent(android.view.View,android.view.accessibility.AccessibilityEvent)
android.support.v4.view.AccessibilityDelegateCompat: void onInitializeAccessibilityNodeInfo(android.view.View,android.support.v4.view.accessibility.AccessibilityNodeInfoCompat)