proguard/mapping.txt
com.mars.snickers.Activity_Camera -> com.mars.snickers.Activity_Camera:
    android.hardware.Camera camera -> g
    com.mars.snickers.helper.CameraPreview cameraPreview -> h
    android.widget.ImageView cameraSwitch -> i
    int m_numOfCamera -> b
    int m_defaultCameraId -> c
    int m_currentCamera -> d
    int m_surfaceWidth -> e
    int m_surfaceHeight -> f
    44:79:void onCreate(android.os.Bundle) -> onCreate
    82:106:void switchCamera() -> d
    110:113:void onResume() -> onResume
    122:123:void onCaptureClick(android.view.View) -> onCaptureClick
    126:128:void onCancelClick(android.view.View) -> onCancelClick
    132:135:void onPictureTaken(byte[],android.hardware.Camera) -> onPictureTaken
    138:142:void sendResponse(int,java.lang.String) -> a
    146:156:void onSurfaceChanged$6c10d0f2(int,int) -> a
    240:243:void onPause() -> onPause
    247:249:void onDestroy() -> onDestroy
    252:256:void releaseCamera() -> e
    261:293:android.hardware.Camera$Size getOptimalPreviewSize(java.util.List,int,int) -> a
    299:354:void setCameraDisplayOrientation(android.app.Activity,int,android.hardware.Camera) -> a
    137:137:void access$0$7497555d(com.mars.snickers.Activity_Camera,java.lang.String) -> a
    81:81:void access$1(com.mars.snickers.Activity_Camera) -> a
com.mars.snickers.Activity_Camera$1 -> com.mars.snickers.Activity_Camera$1:
    com.mars.snickers.Activity_Camera this$0 -> a
    54:55:void onClick(android.view.View) -> onClick
com.mars.snickers.Activity_Camera$SavePhotoTask -> com.mars.snickers.Activity_Camera$a:
    com.mars.snickers.Activity_Camera this$0 -> a
    162:228:java.lang.String doInBackground(byte[][]) -> a
    1:1:void onPostExecute(java.lang.Object) -> onPostExecute
    1:1:java.lang.Object doInBackground(java.lang.Object[]) -> doInBackground
com.mars.snickers.Activity_DisplayPicture -> com.mars.snickers.Activity_DisplayPicture:
    android.widget.Button cancel -> b
    android.widget.Button rotate -> c
    android.widget.Button done -> d
    android.widget.ImageView userImage -> e
    java.lang.String imagePath -> f
    android.graphics.Bitmap image -> g
    34:47:void onCreate(android.os.Bundle) -> onCreate
    50:51:void onDoneClick(android.view.View) -> onDoneClick
    54:55:void onCancelClick(android.view.View) -> onCancelClick
    59:67:void onRotateClick(android.view.View) -> onRotateClick
    70:74:void sendResponse(int,java.lang.String) -> a
    69:69:void access$0$5e9ac91a(com.mars.snickers.Activity_DisplayPicture,java.lang.String) -> a
com.mars.snickers.Activity_DisplayPicture$SavePhotoTask -> com.mars.snickers.Activity_DisplayPicture$a:
    com.mars.snickers.Activity_DisplayPicture this$0 -> a
    79:100:java.lang.String doInBackground(android.graphics.Bitmap[]) -> a
    1:1:void onPostExecute(java.lang.Object) -> onPostExecute
    1:1:java.lang.Object doInBackground(java.lang.Object[]) -> doInBackground
...
android.support.v7.appcompat.R$integer -> android.support.v7.appcompat.R$integer:
    int abc_max_action_buttons -> abc_max_action_buttons
android.support.v7.appcompat.R$layout -> android.support.v7.appcompat.R$layout:
    int abc_action_bar_decor -> abc_action_bar_decor
    int abc_action_bar_decor_include -> abc_action_bar_decor_include
    int abc_action_bar_decor_overlay -> abc_action_bar_decor_overlay
    int abc_action_bar_home -> abc_action_bar_home
    int abc_action_bar_tab -> abc_action_bar_tab
    int abc_action_bar_tabbar -> abc_action_bar_tabbar
    int abc_action_bar_title_item -> abc_action_bar_title_item
    int abc_action_bar_view_list_nav_layout -> abc_action_bar_view_list_nav_layout
    int abc_action_menu_item_layout -> abc_action_menu_item_layout
    int abc_action_menu_layout -> abc_action_menu_layout
    int abc_action_mode_bar -> abc_action_mode_bar
    int abc_action_mode_close_item -> abc_action_mode_close_item
    int abc_activity_chooser_view -> abc_activity_chooser_view
    int abc_activity_chooser_view_include -> abc_activity_chooser_view_include
    int abc_activity_chooser_view_list_item -> abc_activity_chooser_view_list_item
    int abc_expanded_menu_layout -> abc_expanded_menu_layout
    int abc_list_menu_item_checkbox -> abc_list_menu_item_checkbox
    int abc_list_menu_item_icon -> abc_list_menu_item_icon
    int abc_list_menu_item_layout -> abc_list_menu_item_layout
    int abc_list_menu_item_radio -> abc_list_menu_item_radio
    int abc_popup_menu_item_layout -> abc_popup_menu_item_layout
    int abc_search_dropdown_item_icons_2line -> abc_search_dropdown_item_icons_2line
android.support.v7.appcompat.R$string -> android.support.v7.appcompat.R$string:
    int abc_action_bar_home_description -> abc_action_bar_home_description
    int abc_action_bar_up_description -> abc_action_bar_up_description
    int abc_action_menu_overflow_description -> abc_action_menu_overflow_description
    int abc_action_mode_done -> abc_action_mode_done
    int abc_activity_chooser_view_see_all -> abc_activity_chooser_view_see_all
    int abc_activitychooserview_choose_application -> abc_activitychooserview_choose_application
    int abc_searchview_description_clear -> abc_searchview_description_clear
    int abc_searchview_description_query -> abc_searchview_description_query
    int abc_searchview_description_search -> abc_searchview_description_search
    int abc_searchview_description_submit -> abc_searchview_description_submit
    int abc_searchview_description_voice -> abc_searchview_description_voice
    int abc_shareactionprovider_share_with -> abc_shareactionprovider_share_with
    int abc_shareactionprovider_share_with_application -> abc_shareactionprovider_share_with_application