proguard/usage.txt
com.mars.snickers.Activity_Camera:
    protected static final java.lang.String EXTRA_IMAGE_PATH
com.mars.snickers.Activity_DisplayPicture:
    public static final int FLIP_VERTICAL
    public static final int FLIP_HORIZONTAL
com.mars.snickers.Activity_Facebook:
    private java.lang.String imageUploadPath
    private static synthetic int[] $SWITCH_TABLE$com$mars$snickers$Activity_Facebook$PendingAction
    109:109:public com.facebook.model.GraphUser getUser()
    114:115:public void handlePendingFbAction()
    131:133:public void setImagePath(java.lang.String)
    174:189:private void handlePendingAction()
    192:208:private void showPublishResult(com.facebook.model.GraphObject,com.facebook.FacebookRequestError)
    211:237:private void postPhoto(java.lang.String)
    268:268:private varargs com.facebook.widget.FacebookDialog$PhotoShareDialogBuilder createShareDialogBuilderForPhoto(android.graphics.Bitmap[])
    274:286:private void publishFeedDialog()
    304:322:private void performPublish(com.mars.snickers.Activity_Facebook$PendingAction,boolean)
    39:39:static synthetic int[] $SWITCH_TABLE$com$mars$snickers$Activity_Facebook$PendingAction()
    49:49:static synthetic void access$2(com.mars.snickers.Activity_Facebook,java.lang.String)
com.mars.snickers.Activity_Facebook$3
com.mars.snickers.Activity_Facebook$GraphObjectWithId
com.mars.snickers.Activity_ImageCrop:
    private static final int DEFAULT_ASPECT_RATIO_VALUES
    private static final java.lang.String ASPECT_RATIO_X
    private static final java.lang.String ASPECT_RATIO_Y
com.mars.snickers.Activity_Super:
    private static final java.lang.String PENDING_PUBLISH_KEY
    protected static final java.lang.String TAG
    328:338:public void setFont(android.view.ViewGroup,android.graphics.Typeface)
    341:407:private void publishStory()
    411:416:private boolean isSubsetOf(java.util.Collection,java.util.Collection)
com.mars.snickers.Activity_Super$6
com.mars.snickers.Activity_Super_bakup:
    private static final java.lang.String PENDING_PUBLISH_KEY
    protected static final java.lang.String TAG
    245:255:public void setFont(android.view.ViewGroup,android.graphics.Typeface)
com.mars.snickers.BuildConfig
com.mars.snickers.Constants:
    3:3:public Constants()
    20:30:public static int getHeaderFontSize()
    34:44:public static int getFontSize()
    53:53:public static int getDeviceWidth()
    68:68:public static int getDeviceHeight()
com.mars.snickers.CustomZoomableImageView:
    private static final int INVALID_POINTER_ID
    private static final java.lang.String LOG_TAG
    31:32:public CustomZoomableImageView(android.content.Context)
com.mars.snickers.Fragment_FinalScreen:
    private static final java.lang.String PENDING_PUBLISH_KEY
    640:645:private boolean isSubsetOf(java.util.Collection,java.util.Collection)
    694:836:private void publishStory()
    913:913:public com.facebook.model.GraphUser getUser()
    920:920:public void handlePendingFbAction()
    925:925:public com.facebook.Session getSession()
    932:932:public void setImagePath(java.lang.String)
com.mars.snickers.Fragment_FinalScreen$11
com.mars.snickers.Fragment_FinalScreen_OLD:
    private static final java.lang.String PENDING_PUBLISH_KEY
com.mars.snickers.Fragment_GetPicture:
    192:214:public java.lang.String getImagePath(android.graphics.Bitmap)
com.mars.snickers.Fragment_PictureAvatarMaker:
    public static final int FLIP_VERTICAL
    public static final int FLIP_HORIZONTAL
    static final int NONE
    static final int DRAG
    static final int ZOOM
    java.lang.String savedItemClicked
com.mars.snickers.Fragment_Register$MyFocusChangeListener
com.mars.snickers.Fragment_ThankYou:
    private static final java.lang.String PENDING_PUBLISH_KEY
    308:313:private boolean isSubsetOf(java.util.Collection,java.util.Collection)
    347:427:private void publishStory()
com.mars.snickers.Fragment_ThankYou$6
com.mars.snickers.R:
    10:10:public R()
...
android.support.v7.internal.widget.SpinnerICS$DropdownPopup:
    726:726:public java.lang.CharSequence getHintText()
android.support.v7.internal.widget.SpinnerICS$SpinnerPopup:
    public abstract java.lang.CharSequence getHintText()
android.support.v7.view.ActionMode:
    private java.lang.Object mTag
    private boolean mTitleOptionalHint
    59:60:public void setTag(java.lang.Object)
    72:72:public java.lang.Object getTag()
    public abstract void setTitle(java.lang.CharSequence)
    public abstract void setTitle(int)
    public abstract void setSubtitle(java.lang.CharSequence)
    public abstract void setSubtitle(int)
    129:130:public void setTitleOptionalHint(boolean)
    139:139:public boolean getTitleOptionalHint()
    147:147:public boolean isTitleOptional()
    public abstract void setCustomView(android.view.View)
    public abstract void invalidate()
    public abstract android.view.Menu getMenu()
    public abstract java.lang.CharSequence getTitle()
    public abstract java.lang.CharSequence getSubtitle()
    public abstract android.view.View getCustomView()
    public abstract android.view.MenuInflater getMenuInflater()
    216:216:public boolean isUiFocusable()
android.support.v7.view.ActionMode$Callback
android.support.v7.widget.PopupMenu
android.support.v7.widget.PopupMenu$OnDismissListener
android.support.v7.widget.PopupMenu$OnMenuItemClickListener
android.support.v7.widget.SearchView:
    private static final boolean DBG
    private static final java.lang.String LOG_TAG
    private static final java.lang.String IME_OPTION_NO_MICROPHONE
    private boolean mQueryRefinement
    254:255:public SearchView(android.content.Context)
    376:390:public void setSearchableInfo(android.app.SearchableInfo)
    398:399:public void setAppSearchData(android.os.Bundle)
    421:421:public int getImeOptions()
    443:443:public int getInputType()
    482:483:public void setOnQueryTextListener(android.support.v7.widget.SearchView$OnQueryTextListener)
    491:492:public void setOnCloseListener(android.support.v7.widget.SearchView$OnCloseListener)
    500:501:public void setOnQueryTextFocusChangeListener(android.view.View$OnFocusChangeListener)
    509:510:public void setOnSuggestionListener(android.support.v7.widget.SearchView$OnSuggestionListener)
    521:522:public void setOnSearchClickListener(android.view.View$OnClickListener)
    530:530:public java.lang.CharSequence getQuery()
    542:552:public void setQuery(java.lang.CharSequence,boolean)
    574:584:public java.lang.CharSequence getQueryHint()
    613:613:public boolean isIconfiedByDefault()
    653:655:public void setSubmitButtonEnabled(boolean)
    663:663:public boolean isSubmitButtonEnabled()
    681:686:public void setQueryRefinementEnabled(boolean)
    693:693:public boolean isQueryRefinementEnabled()
android.support.v7.widget.ShareActionProvider:
    private static final int DEFAULT_INITIAL_ACTIVITY_COUNT
    public static final java.lang.String DEFAULT_SHARE_HISTORY_FILE_NAME
    private android.support.v7.widget.ShareActionProvider$OnShareTargetSelectedListener mOnShareTargetSelectedListener
    private android.support.v7.internal.widget.ActivityChooserModel$OnChooseActivityListener mOnChooseActivityListener
    155:157:public ShareActionProvider(android.content.Context)
    170:172:public void setOnShareTargetSelectedListener(android.support.v7.widget.ShareActionProvider$OnShareTargetSelectedListener)
    276:278:public void setShareHistoryFileName(java.lang.String)
    300:303:public void setShareIntent(android.content.Intent)
    328:336:private void setActivityChooserPolicyIfNeeded()
    85:85:static synthetic android.support.v7.widget.ShareActionProvider$OnShareTargetSelectedListener access$400(android.support.v7.widget.ShareActionProvider)
android.support.v7.widget.ShareActionProvider$1
android.support.v7.widget.ShareActionProvider$OnShareTargetSelectedListener
android.support.v7.widget.ShareActionProvider$ShareActivityChooserModelPolicy